<?xml version="1.0" encoding="UTF-8"?>
<testng-results ignored="0" total="9" passed="9" failed="0" skipped="0">
  <reporter-output>
  </reporter-output>
  <suite started-at="2022-11-14T11:01:16 IST" name="Default suite" finished-at="2022-11-14T11:02:19 IST" duration-ms="62684">
    <groups>
      <group name="cucumber">
        <method signature="AbstractTestNGCucumberTests.runScenario(io.cucumber.testng.PickleWrapper,io.cucumber.testng.FeatureWrapper)[pri:0, instance:cucumberOptions.TestNGTestRunner@2d1ef81a]" name="runScenario" class="io.cucumber.testng.AbstractTestNGCucumberTests"/>
      </group> <!-- cucumber -->
    </groups>
    <test started-at="2022-11-14T11:01:16 IST" name="Default test" finished-at="2022-11-14T11:02:19 IST" duration-ms="62684">
      <class name="cucumberOptions.TestNGTestRunner">
        <test-method is-config="true" signature="setUpClass(org.testng.ITestContext)[pri:0, instance:cucumberOptions.TestNGTestRunner@2d1ef81a]" started-at="2022-11-14T11:01:16 IST" name="setUpClass" finished-at="2022-11-14T11:01:17 IST" duration-ms="1005" status="PASS">
          <params>
            <param index="0">
              <value>
                <![CDATA[org.testng.TestRunner@500051c5]]>
              </value>
            </param>
          </params>
          <reporter-output>
          </reporter-output>
        </test-method> <!-- setUpClass -->
        <test-method signature="runScenario(io.cucumber.testng.PickleWrapper,io.cucumber.testng.FeatureWrapper)[pri:0, instance:cucumberOptions.TestNGTestRunner@2d1ef81a]" started-at="2022-11-14T11:01:17 IST" name="runScenario" description="Runs Cucumber Scenarios" data-provider="scenarios" finished-at="2022-11-14T11:02:09 IST" duration-ms="51437" status="PASS">
          <params>
            <param index="0">
              <value>
                <![CDATA["validate browser back button on forgot password page"]]>
              </value>
            </param>
            <param index="1">
              <value>
                <![CDATA["validate the Forgot Password functionality"]]>
              </value>
            </param>
          </params>
          <reporter-output>
          </reporter-output>
        </test-method> <!-- runScenario -->
        <test-method signature="runScenario(io.cucumber.testng.PickleWrapper,io.cucumber.testng.FeatureWrapper)[pri:0, instance:cucumberOptions.TestNGTestRunner@2d1ef81a]" started-at="2022-11-14T11:01:17 IST" name="runScenario" description="Runs Cucumber Scenarios" data-provider="scenarios" finished-at="2022-11-14T11:02:08 IST" duration-ms="50793" status="PASS">
          <params>
            <param index="0">
              <value>
                <![CDATA["Validate if user does not enter any email and clicks on Get Password Reset Link button"]]>
              </value>
            </param>
            <param index="1">
              <value>
                <![CDATA["validate the Forgot Password functionality"]]>
              </value>
            </param>
          </params>
          <reporter-output>
          </reporter-output>
        </test-method> <!-- runScenario -->
        <test-method signature="runScenario(io.cucumber.testng.PickleWrapper,io.cucumber.testng.FeatureWrapper)[pri:0, instance:cucumberOptions.TestNGTestRunner@2d1ef81a]" started-at="2022-11-14T11:01:17 IST" name="runScenario" description="Runs Cucumber Scenarios" data-provider="scenarios" finished-at="2022-11-14T11:02:08 IST" duration-ms="51029" status="PASS">
          <params>
            <param index="0">
              <value>
                <![CDATA["Validate if user enters unauthorized email and clicks on Get Password Reset Link button"]]>
              </value>
            </param>
            <param index="1">
              <value>
                <![CDATA["validate the Forgot Password functionality"]]>
              </value>
            </param>
          </params>
          <reporter-output>
          </reporter-output>
        </test-method> <!-- runScenario -->
        <test-method signature="runScenario(io.cucumber.testng.PickleWrapper,io.cucumber.testng.FeatureWrapper)[pri:0, instance:cucumberOptions.TestNGTestRunner@2d1ef81a]" started-at="2022-11-14T11:01:17 IST" name="runScenario" description="Runs Cucumber Scenarios" data-provider="scenarios" finished-at="2022-11-14T11:02:08 IST" duration-ms="51044" status="PASS">
          <params>
            <param index="0">
              <value>
                <![CDATA["Validate if user enters invalid email and clicks on Get Password Reset Link button"]]>
              </value>
            </param>
            <param index="1">
              <value>
                <![CDATA["validate the Forgot Password functionality"]]>
              </value>
            </param>
          </params>
          <reporter-output>
          </reporter-output>
        </test-method> <!-- runScenario -->
        <test-method signature="runScenario(io.cucumber.testng.PickleWrapper,io.cucumber.testng.FeatureWrapper)[pri:0, instance:cucumberOptions.TestNGTestRunner@2d1ef81a]" started-at="2022-11-14T11:01:17 IST" name="runScenario" description="Runs Cucumber Scenarios" data-provider="scenarios" finished-at="2022-11-14T11:01:50 IST" duration-ms="33048" status="PASS">
          <params>
            <param index="0">
              <value>
                <![CDATA["Verify confirmation message and resend button appears after"]]>
              </value>
            </param>
            <param index="1">
              <value>
                <![CDATA["validate the Forgot Password functionality"]]>
              </value>
            </param>
          </params>
          <reporter-output>
          </reporter-output>
        </test-method> <!-- runScenario -->
        <test-method signature="runScenario(io.cucumber.testng.PickleWrapper,io.cucumber.testng.FeatureWrapper)[pri:0, instance:cucumberOptions.TestNGTestRunner@2d1ef81a]" started-at="2022-11-14T11:01:17 IST" name="runScenario" description="Runs Cucumber Scenarios" data-provider="scenarios" finished-at="2022-11-14T11:02:08 IST" duration-ms="51278" status="PASS">
          <params>
            <param index="0">
              <value>
                <![CDATA["Validate confirmation message when user enters the valid email ID and click on Resend button"]]>
              </value>
            </param>
            <param index="1">
              <value>
                <![CDATA["validate the Forgot Password functionality"]]>
              </value>
            </param>
          </params>
          <reporter-output>
          </reporter-output>
        </test-method> <!-- runScenario -->
        <test-method signature="runScenario(io.cucumber.testng.PickleWrapper,io.cucumber.testng.FeatureWrapper)[pri:0, instance:cucumberOptions.TestNGTestRunner@2d1ef81a]" started-at="2022-11-14T11:01:17 IST" name="runScenario" description="Runs Cucumber Scenarios" data-provider="scenarios" finished-at="2022-11-14T11:02:08 IST" duration-ms="50886" status="PASS">
          <params>
            <param index="0">
              <value>
                <![CDATA["Validate placeholder text, headings and text on buttons of forgot password page"]]>
              </value>
            </param>
            <param index="1">
              <value>
                <![CDATA["validate the Forgot Password functionality"]]>
              </value>
            </param>
          </params>
          <reporter-output>
          </reporter-output>
        </test-method> <!-- runScenario -->
        <test-method signature="runScenario(io.cucumber.testng.PickleWrapper,io.cucumber.testng.FeatureWrapper)[pri:0, instance:cucumberOptions.TestNGTestRunner@2d1ef81a]" started-at="2022-11-14T11:01:17 IST" name="runScenario" description="Runs Cucumber Scenarios" data-provider="scenarios" finished-at="2022-11-14T11:02:09 IST" duration-ms="51891" status="PASS">
          <params>
            <param index="0">
              <value>
                <![CDATA["Validate page title and url of forgot password page"]]>
              </value>
            </param>
            <param index="1">
              <value>
                <![CDATA["validate the Forgot Password functionality"]]>
              </value>
            </param>
          </params>
          <reporter-output>
          </reporter-output>
        </test-method> <!-- runScenario -->
        <test-method signature="runScenario(io.cucumber.testng.PickleWrapper,io.cucumber.testng.FeatureWrapper)[pri:0, instance:cucumberOptions.TestNGTestRunner@2d1ef81a]" started-at="2022-11-14T11:01:17 IST" name="runScenario" description="Runs Cucumber Scenarios" data-provider="scenarios" finished-at="2022-11-14T11:02:08 IST" duration-ms="51200" status="PASS">
          <params>
            <param index="0">
              <value>
                <![CDATA["Validate after clicking on back button of forgot password page, user navigated to login page"]]>
              </value>
            </param>
            <param index="1">
              <value>
                <![CDATA["validate the Forgot Password functionality"]]>
              </value>
            </param>
          </params>
          <reporter-output>
          </reporter-output>
        </test-method> <!-- runScenario -->
        <test-method is-config="true" signature="tearDownClass()[pri:0, instance:cucumberOptions.TestNGTestRunner@2d1ef81a]" started-at="2022-11-14T11:02:09 IST" name="tearDownClass" finished-at="2022-11-14T11:02:19 IST" duration-ms="9637" status="PASS">
          <reporter-output>
          </reporter-output>
        </test-method> <!-- tearDownClass -->
      </class> <!-- cucumberOptions.TestNGTestRunner -->
    </test> <!-- Default test -->
  </suite> <!-- Default suite -->
</testng-results>
